<?xml version="1.0" encoding="UTF-8"?>
<testng-results skipped="0" failed="0" ignored="0" total="1" passed="1">
  <reporter-output>
  </reporter-output>
  <suite name="Suite" duration-ms="12162" started-at="2018-07-18T17:38:46Z" finished-at="2018-07-18T17:38:58Z">
    <groups>
    </groups>
    <test name="Test" duration-ms="12162" started-at="2018-07-18T17:38:46Z" finished-at="2018-07-18T17:38:58Z">
      <class name="sample.demo">
        <test-method status="PASS" signature="f()[pri:0, instance:sample.demo@3498ed]" name="f" duration-ms="12130" started-at="2018-07-18T19:38:46Z" finished-at="2018-07-18T19:38:58Z">
          <reporter-output>
          </reporter-output>
        </test-method> <!-- f -->
      </class> <!-- sample.demo -->
    </test> <!-- Test -->
  </suite> <!-- Suite -->
</testng-results>
