<?xml version="1.0" encoding="UTF-8"?>
<testng-results skipped="0" failed="0" ignored="0" total="1" passed="1">
  <reporter-output>
  </reporter-output>
  <suite name="Default suite" duration-ms="16886" started-at="2018-07-17T12:55:44Z" finished-at="2018-07-17T12:56:01Z">
    <groups>
    </groups>
    <test name="Default test" duration-ms="16886" started-at="2018-07-17T12:55:44Z" finished-at="2018-07-17T12:56:01Z">
      <class name="sample.demo">
        <test-method status="PASS" signature="f()[pri:0, instance:sample.demo@5c7fa833]" name="f" duration-ms="16796" started-at="2018-07-17T14:55:44Z" finished-at="2018-07-17T14:56:01Z">
          <reporter-output>
          </reporter-output>
        </test-method> <!-- f -->
      </class> <!-- sample.demo -->
    </test> <!-- Default test -->
  </suite> <!-- Default suite -->
</testng-results>
